<?xml version="1.0" encoding="UTF-8"?>
<testsuite xmlns:xsi="http://www.w3.org/2001/XMLSchema-instance" xsi:noNamespaceSchemaLocation="https://maven.apache.org/surefire/maven-surefire-plugin/xsd/surefire-test-report-3.0.xsd" version="3.0" name="com.universite.absences.controller.AuthControllerIntegrationTest" time="14.016" tests="1" errors="0" skipped="0" failures="0">
  <properties>
[...]
</properties>
  <testcase name="shouldLoginSuccessfully" classname="com.universite.absences.controller.AuthControllerIntegrationTest" time="3.475">
    <system-out><![CDATA[17:58:56.187 [main] INFO org.springframework.test.context.support.AnnotationConfigContextLoaderUtils -- Could not detect default configuration classes for test class [com.universite.absences.controller.AuthControllerIntegrationTest]: AuthControllerIntegrationTest does not declare any static, non-private, non-final, nested classes annotated with @Configuration.
17:58:56.428 [main] INFO org.springframework.boot.test.context.SpringBootTestContextBootstrapper -- Found @SpringBootConfiguration com.universite.absences.AbsencesApplication for test class com.universite.absences.controller.AuthControllerIntegrationTest

  .   ____          _            __ _ _
 /\\ / ___'_ __ _ _(_)_ __  __ _ \ \ \ \
( ( )\___ | '_ | '_| | '_ \/ _` | \ \ \ \
 \\/  ___)| |_)| | | | | || (_| |  ) ) ) )
  '  |____| .__|_| |_|_| |_\__, | / / / /
 =========|_|==============|___/=/_/_/_/
 :: Spring Boot ::                (v3.2.4)

2026-05-14T17:58:57.125+01:00  INFO 264801 --- [gestion-absences] [           main] c.u.a.c.AuthControllerIntegrationTest    : Starting AuthControllerIntegrationTest using Java 21.0.11 with PID 264801 (started by simo in /home/simo/Documents/FSTracker1/backend)
2026-05-14T17:58:57.128+01:00  INFO 264801 --- [gestion-absences] [           main] c.u.a.c.AuthControllerIntegrationTest    : The following 1 profile is active: "test"
2026-05-14T17:58:58.958+01:00  INFO 264801 --- [gestion-absences] [           main] .s.d.r.c.RepositoryConfigurationDelegate : Bootstrapping Spring Data JPA repositories in DEFAULT mode.
2026-05-14T17:58:59.093+01:00  INFO 264801 --- [gestion-absences] [           main] .s.d.r.c.RepositoryConfigurationDelegate : Finished Spring Data repository scanning in 126 ms. Found 10 JPA repository interfaces.
2026-05-14T17:59:00.426+01:00  INFO 264801 --- [gestion-absences] [           main] o.s.b.w.embedded.tomcat.TomcatWebServer  : Tomcat initialized with port 0 (http)
2026-05-14T17:59:00.441+01:00  INFO 264801 --- [gestion-absences] [           main] o.apache.catalina.core.StandardService   : Starting service [Tomcat]
2026-05-14T17:59:00.441+01:00  INFO 264801 --- [gestion-absences] [           main] o.apache.catalina.core.StandardEngine    : Starting Servlet engine: [Apache Tomcat/10.1.19]
2026-05-14T17:59:00.571+01:00  INFO 264801 --- [gestion-absences] [           main] o.a.c.c.C.[Tomcat].[localhost].[/]       : Initializing Spring embedded WebApplicationContext
2026-05-14T17:59:00.575+01:00  INFO 264801 --- [gestion-absences] [           main] w.s.c.ServletWebServerApplicationContext : Root WebApplicationContext: initialization completed in 3100 ms
2026-05-14T17:59:00.898+01:00  INFO 264801 --- [gestion-absences] [           main] o.hibernate.jpa.internal.util.LogHelper  : HHH000204: Processing PersistenceUnitInfo [name: default]
2026-05-14T17:59:00.990+01:00  INFO 264801 --- [gestion-absences] [           main] org.hibernate.Version                    : HHH000412: Hibernate ORM core version 6.4.4.Final
2026-05-14T17:59:01.037+01:00  INFO 264801 --- [gestion-absences] [           main] o.h.c.internal.RegionFactoryInitiator    : HHH000026: Second-level cache disabled
2026-05-14T17:59:01.307+01:00  INFO 264801 --- [gestion-absences] [           main] o.s.o.j.p.SpringPersistenceUnitInfo      : No LoadTimeWeaver setup: ignoring JPA class transformer
2026-05-14T17:59:01.337+01:00  INFO 264801 --- [gestion-absences] [           main] com.zaxxer.hikari.HikariDataSource       : HikariPool-1 - Starting...
2026-05-14T17:59:01.614+01:00  INFO 264801 --- [gestion-absences] [           main] com.zaxxer.hikari.pool.HikariPool        : HikariPool-1 - Added connection conn0: url=jdbc:h2:mem:testdb user=SA
2026-05-14T17:59:01.615+01:00  INFO 264801 --- [gestion-absences] [           main] com.zaxxer.hikari.HikariDataSource       : HikariPool-1 - Start completed.
2026-05-14T17:59:01.642+01:00  WARN 264801 --- [gestion-absences] [           main] org.hibernate.dialect.Dialect            : HHH000511: The 2.2.0 version for [org.hibernate.dialect.PostgreSQLDialect] is no longer supported, hence certain features may not work properly. The minimum supported version is 12.0.0. Check the community dialects project for available legacy versions.
2026-05-14T17:59:01.650+01:00  WARN 264801 --- [gestion-absences] [           main] org.hibernate.orm.deprecation            : HHH90000025: PostgreSQLDialect does not need to be specified explicitly using 'hibernate.dialect' (remove the property setting and it will be selected by default)
2026-05-14T17:59:03.284+01:00  INFO 264801 --- [gestion-absences] [           main] o.h.e.t.j.p.i.JtaPlatformInitiator       : HHH000489: No JTA platform available (set 'hibernate.transaction.jta.platform' to enable JTA platform integration)
Hibernate: 
    alter table if exists absences 
       drop constraint if exists FKn45nwtiqhvhc3pofugs835vt3
Hibernate: 
    alter table if exists absences 
       drop constraint if exists FK4kg6dqp2w52ph3a5kxemcplwc
Hibernate: 
    alter table if exists admins 
       drop constraint if exists FKanhsicqm3lc8ya77tr7r0je18
Hibernate: 
    alter table if exists etudiants 
       drop constraint if exists FK7eq6v2ircv32llkvdvg6wsom6
Hibernate: 
    alter table if exists etudiants 
       drop constraint if exists FKdeu2mibqcs2ci9qjltj0g34v8
Hibernate: 
    alter table if exists filieres 
       drop constraint if exists FK90ak13438an8fc6nvuyb3md8l
Hibernate: 
    alter table if exists modules 
       drop constraint if exists FK4dr0ajjlwriaty7p6gqvok4bs
Hibernate: 
    alter table if exists presence_logs 
       drop constraint if exists FKgaysjnvirnspceasf30fo744e
Hibernate: 
    alter table if exists presence_logs 
       drop constraint if exists FKtps2v53euuxchladawkvmalt5
Hibernate: 
    alter table if exists professeurs 
       drop constraint if exists FK45cy38qa70x119p5lo6486omv
Hibernate: 
    alter table if exists professeurs 
       drop constraint if exists FKsma1h4qfld83gd3dl48q252j7
Hibernate: 
    alter table if exists seances 
       drop constraint if exists FK8skwjhe1y2j11jkifjtlwf9e
Hibernate: 
    alter table if exists seances 
       drop constraint if exists FK269xp220qqdqrub8h2gtp3h4b
Hibernate: 
    alter table if exists seances 
       drop constraint if exists FKs053jrcaajq1bugiaca04jw35
Hibernate: 
    drop table if exists absences cascade
Hibernate: 
    drop table if exists admins cascade
Hibernate: 
    drop table if exists departements cascade
Hibernate: 
    drop table if exists etudiants cascade
Hibernate: 
    drop table if exists filieres cascade
Hibernate: 
    drop table if exists modules cascade
Hibernate: 
    drop table if exists presence_logs cascade
Hibernate: 
    drop table if exists professeurs cascade
Hibernate: 
    drop table if exists salles cascade
Hibernate: 
    drop table if exists seances cascade
Hibernate: 
    drop table if exists users cascade
Hibernate: 
    create table absences (
        etudiant_id bigint not null,
        id bigserial not null,
        seance_id bigint not null,
        justification varchar(255),
        statut varchar(255) not null check (statut in ('PRESENT','ABSENT','JUSTIFIE')),
        primary key (id),
        unique (etudiant_id, seance_id)
    )
Hibernate: 
    create table admins (
        id bigint not null,
        primary key (id)
    )
Hibernate: 
    create table departements (
        id bigserial not null,
        chef_departement varchar(255),
        description varchar(255),
        nom varchar(255) not null unique,
        primary key (id)
    )
Hibernate: 
    create table etudiants (
        filiere_id bigint,
        id bigint not null,
        cne varchar(255) not null unique,
        primary key (id)
    )
Hibernate: 
    create table filieres (
        departement_id bigint not null,
        id bigserial not null,
        nom varchar(255) not null unique,
        primary key (id)
    )
Hibernate: 
    create table modules (
        filiere_id bigint not null,
        id bigserial not null,
        nom varchar(255) not null,
        primary key (id)
    )
Hibernate: 
    create table presence_logs (
        confidence_score float(53),
        etudiant_id bigint not null,
        id bigserial not null,
        seance_id bigint not null,
        timestamp timestamp(6) not null,
        source varchar(255) not null check (source in ('AI','MANUAL')),
        primary key (id)
    )
Hibernate: 
    create table professeurs (
        departement_id bigint,
        id bigint not null,
        primary key (id)
    )
Hibernate: 
    create table salles (
        capacite integer not null,
        id bigserial not null,
        nom varchar(255) not null unique,
        type varchar(255) not null check (type in ('AMPHI','COURS','TD','TP','LABORATOIRE')),
        primary key (id)
    )
Hibernate: 
    create table seances (
        active boolean not null,
        date_debut timestamp(6) not null,
        date_fin timestamp(6) not null,
        id bigserial not null,
        module_id bigint not null,
        professeur_id bigint not null,
        salle_id bigint not null,
        primary key (id)
    )
Hibernate: 
    create table users (
        id bigserial not null,
        email varchar(255) not null unique,
        nom varchar(255) not null,
        password varchar(255) not null,
        prenom varchar(255) not null,
        primary key (id)
    )
Hibernate: 
    alter table if exists absences 
       add constraint FKn45nwtiqhvhc3pofugs835vt3 
       foreign key (etudiant_id) 
       references etudiants
Hibernate: 
    alter table if exists absences 
       add constraint FK4kg6dqp2w52ph3a5kxemcplwc 
       foreign key (seance_id) 
       references seances
Hibernate: 
    alter table if exists admins 
       add constraint FKanhsicqm3lc8ya77tr7r0je18 
       foreign key (id) 
       references users
Hibernate: 
    alter table if exists etudiants 
       add constraint FK7eq6v2ircv32llkvdvg6wsom6 
       foreign key (filiere_id) 
       references filieres
Hibernate: 
    alter table if exists etudiants 
       add constraint FKdeu2mibqcs2ci9qjltj0g34v8 
       foreign key (id) 
       references users
Hibernate: 
    alter table if exists filieres 
       add constraint FK90ak13438an8fc6nvuyb3md8l 
       foreign key (departement_id) 
       references departements
Hibernate: 
    alter table if exists modules 
       add constraint FK4dr0ajjlwriaty7p6gqvok4bs 
       foreign key (filiere_id) 
       references filieres
Hibernate: 
    alter table if exists presence_logs 
       add constraint FKgaysjnvirnspceasf30fo744e 
       foreign key (etudiant_id) 
       references etudiants
Hibernate: 
    alter table if exists presence_logs 
       add constraint FKtps2v53euuxchladawkvmalt5 
       foreign key (seance_id) 
       references seances
Hibernate: 
    alter table if exists professeurs 
       add constraint FK45cy38qa70x119p5lo6486omv 
       foreign key (departement_id) 
       references departements
Hibernate: 
    alter table if exists professeurs 
       add constraint FKsma1h4qfld83gd3dl48q252j7 
       foreign key (id) 
       references users
Hibernate: 
    alter table if exists seances 
       add constraint FK8skwjhe1y2j11jkifjtlwf9e 
       foreign key (module_id) 
       references modules
Hibernate: 
    alter table if exists seances 
       add constraint FK269xp220qqdqrub8h2gtp3h4b 
       foreign key (professeur_id) 
       references professeurs
Hibernate: 
    alter table if exists seances 
       add constraint FKs053jrcaajq1bugiaca04jw35 
       foreign key (salle_id) 
       references salles
2026-05-14T17:59:03.435+01:00  INFO 264801 --- [gestion-absences] [           main] j.LocalContainerEntityManagerFactoryBean : Initialized JPA EntityManagerFactory for persistence unit 'default'
2026-05-14T17:59:04.848+01:00  WARN 264801 --- [gestion-absences] [           main] JpaBaseConfiguration$JpaWebConfiguration : spring.jpa.open-in-view is enabled by default. Therefore, database queries may be performed during view rendering. Explicitly configure spring.jpa.open-in-view to disable this warning
2026-05-14T17:59:05.950+01:00  INFO 264801 --- [gestion-absences] [           main] o.s.b.w.embedded.tomcat.TomcatWebServer  : Tomcat started on port 45769 (http) with context path ''
2026-05-14T17:59:05.967+01:00  INFO 264801 --- [gestion-absences] [           main] c.u.a.c.AuthControllerIntegrationTest    : Started AuthControllerIntegrationTest in 9.347 seconds (process running for 10.852)
Hibernate: 
    select
        u1_0.id,
        case 
            when u1_1.id is not null 
                then 1 
            when u1_2.id is not null 
                then 2 
            when u1_3.id is not null 
                then 3 
            end,
            u1_0.email,
            u1_0.nom,
            u1_0.password,
            u1_0.prenom,
            u1_2.id,
            u1_2.cne,
            u1_2.filiere_id,
            u1_3.departement_id,
            u1_3.id 
        from
            users u1_0 
        left join
            admins u1_1 
                on u1_0.id=u1_1.id 
        left join
            etudiants u1_2 
                on u1_0.id=u1_2.id 
        left join
            professeurs u1_3 
                on u1_0.id=u1_3.id 
        where
            u1_0.email=?
Hibernate: 
    insert 
    into
        users
        (email, nom, password, prenom) 
    values
        (?, ?, ?, ?)
Hibernate: 
    insert 
    into
        admins
        (id) 
    values
        (?)
=================================================
✅ Compte administrateur par défaut créé !
Email        : admin@uca.ma
Mot de passe : admin1234
=================================================
Hibernate: 
    select
        u1_0.id,
        case 
            when u1_1.id is not null 
                then 1 
            when u1_2.id is not null 
                then 2 
            when u1_3.id is not null 
                then 3 
            end,
            u1_0.email,
            u1_0.nom,
            u1_0.password,
            u1_0.prenom,
            u1_2.id,
            u1_2.cne,
            u1_2.filiere_id,
            u1_3.departement_id,
            u1_3.id 
        from
            users u1_0 
        left join
            admins u1_1 
                on u1_0.id=u1_1.id 
        left join
            etudiants u1_2 
                on u1_0.id=u1_2.id 
        left join
            professeurs u1_3 
                on u1_0.id=u1_3.id 
        where
            u1_0.email=?
Hibernate: 
    insert 
    into
        users
        (email, nom, password, prenom) 
    values
        (?, ?, ?, ?)
Hibernate: 
    insert 
    into
        admins
        (id) 
    values
        (?)
Hibernate: 
    insert 
    into
        users
        (email, nom, password, prenom) 
    values
        (?, ?, ?, ?)
Hibernate: 
    insert 
    into
        admins
        (id) 
    values
        (?)
2026-05-14T17:59:08.851+01:00  INFO 264801 --- [gestion-absences] [o-auto-1-exec-1] o.a.c.c.C.[Tomcat].[localhost].[/]       : Initializing Spring DispatcherServlet 'dispatcherServlet'
2026-05-14T17:59:08.851+01:00  INFO 264801 --- [gestion-absences] [o-auto-1-exec-1] o.s.web.servlet.DispatcherServlet        : Initializing Servlet 'dispatcherServlet'
2026-05-14T17:59:08.852+01:00  INFO 264801 --- [gestion-absences] [o-auto-1-exec-1] o.s.web.servlet.DispatcherServlet        : Completed initialization in 1 ms
Hibernate: 
    select
        u1_0.id,
        case 
            when u1_1.id is not null 
                then 1 
            when u1_2.id is not null 
                then 2 
            when u1_3.id is not null 
                then 3 
            end,
            u1_0.email,
            u1_0.nom,
            u1_0.password,
            u1_0.prenom,
            u1_2.id,
            u1_2.cne,
            u1_2.filiere_id,
            u1_3.departement_id,
            u1_3.id 
        from
            users u1_0 
        left join
            admins u1_1 
                on u1_0.id=u1_1.id 
        left join
            etudiants u1_2 
                on u1_0.id=u1_2.id 
        left join
            professeurs u1_3 
                on u1_0.id=u1_3.id 
        where
            u1_0.email=?
Hibernate: 
    select
        u1_0.id,
        case 
            when u1_1.id is not null 
                then 1 
            when u1_2.id is not null 
                then 2 
            when u1_3.id is not null 
                then 3 
            end,
            u1_0.email,
            u1_0.nom,
            u1_0.password,
            u1_0.prenom,
            u1_2.id,
            u1_2.cne,
            u1_2.filiere_id,
            u1_3.departement_id,
            u1_3.id 
        from
            users u1_0 
        left join
            admins u1_1 
                on u1_0.id=u1_1.id 
        left join
            etudiants u1_2 
                on u1_0.id=u1_2.id 
        left join
            professeurs u1_3 
                on u1_0.id=u1_3.id 
        where
            u1_0.email=?
]]></system-out>
    <system-err><![CDATA[WARNING: A Java agent has been loaded dynamically (/home/simo/.m2/repository/net/bytebuddy/byte-buddy-agent/1.14.12/byte-buddy-agent-1.14.12.jar)
WARNING: If a serviceability tool is in use, please run with -XX:+EnableDynamicAgentLoading to hide this warning
WARNING: If a serviceability tool is not in use, please run with -Djdk.instrument.traceUsage for more information
WARNING: Dynamic loading of agents will be disallowed by default in a future release
]]></system-err>
  </testcase>
</testsuite>